2024-03-24 20:26:08,707 - ERROR - Invalid input. Please enter a valid command.
2024-03-24 20:30:35,312 - INFO - Exiting program.
2024-03-24 20:30:40,925 - ERROR - Invalid input. Please enter a valid command.
2024-03-24 20:31:37,576 - INFO - Exiting program.
2024-03-24 20:31:42,587 - ERROR - Invalid input. Please enter a valid command.
2024-03-24 20:32:07,304 - INFO - I will send something on discord
2024-03-24 20:33:19,603 - INFO - Exiting program.
2024-03-24 20:33:23,599 - ERROR - Invalid input. Please enter a valid command.
2024-03-24 20:33:38,165 - INFO - I will send something on discord
2024-03-24 20:33:43,344 - ERROR - Invalid input. Please enter a valid command.
2024-03-24 20:34:19,071 - INFO - Exiting program.
2024-03-24 20:34:25,088 - INFO - Calculation history saved to CSV.
2024-03-24 20:34:33,018 - INFO - Calculation history saved to CSV.
2024-03-24 20:34:44,577 - INFO - Calculation history saved to CSV.
2024-03-24 20:34:49,604 - INFO - Calculation deleted successfully.
2024-03-24 20:34:56,477 - INFO - Calculation deleted successfully.
2024-03-24 20:34:58,698 - INFO - Calculation history cleared.
2024-03-24 20:35:03,441 - INFO - Calculation history saved to CSV.
2024-03-24 20:35:07,820 - INFO - Calculation history saved to CSV.
2024-03-24 20:35:15,185 - INFO - Calculation deleted successfully.
2024-03-24 20:35:18,203 - INFO - Calculation deleted successfully.
2024-03-24 20:35:21,612 - INFO - Calculation deleted successfully.
2024-03-24 20:35:53,757 - INFO - Calculation history saved to CSV.
2024-03-24 20:35:58,822 - ERROR - Invalid number input: delete or 1 is not a valid number.
2024-03-24 20:36:02,902 - INFO - Calculation deleted successfully.
2024-03-24 20:36:04,876 - INFO - Calculation deleted successfully.
2024-03-24 20:36:06,329 - INFO - Calculation deleted successfully.
2024-03-24 20:36:09,195 - INFO - Calculation deleted successfully.
2024-03-24 20:36:11,721 - INFO - Calculation deleted successfully.
2024-03-24 20:36:13,608 - INFO - Calculation deleted successfully.
2024-03-24 20:36:27,955 - WARNING - 'save' command not supported in this context.
2024-03-24 20:36:42,579 - INFO - Calculation history cleared.
2024-03-24 20:36:46,280 - INFO - Exiting program.
2024-03-24 20:36:51,843 - ERROR - Invalid input. Please enter a valid command.
2024-03-24 20:36:54,983 - INFO - I will send something on discord
2024-03-24 20:36:58,628 - INFO - I will email you
2024-03-24 20:37:00,771 - INFO - Exiting program.
2024-03-25 14:26:40,134 - INFO - Calculation history saved to CSV.
2024-03-25 14:26:44,331 - INFO - Calculation history saved to CSV.
2024-03-25 14:26:51,513 - INFO - Calculation history saved to CSV.
2024-03-25 14:26:54,650 - INFO - Calculation history saved to CSV.
2024-03-25 14:27:13,148 - ERROR - Invalid index format. Please enter a valid integer.
2024-03-25 14:27:13,149 - ERROR - Invalid input. Please enter a valid command.
2024-03-25 14:27:20,943 - ERROR - Invalid index format. Please enter a valid integer.
2024-03-25 14:27:20,943 - ERROR - Invalid input. Please enter a valid command.
2024-03-25 14:27:25,408 - ERROR - Invalid index format. Please enter a valid integer.
2024-03-25 14:27:25,408 - ERROR - Invalid input. Please enter a valid command.
2024-03-25 14:27:30,128 - WARNING - 'save' command not supported in this context.
2024-03-25 14:27:34,036 - INFO - Calculation history cleared.
2024-03-25 14:29:33,186 - INFO - Exiting program.
2024-03-25 14:29:40,262 - INFO - Calculation history saved to CSV.
2024-03-25 14:29:43,012 - INFO - Calculation history saved to CSV.
2024-03-25 14:29:49,036 - INFO - Calculation history saved to CSV.
2024-03-25 14:29:53,478 - INFO - Calculation history saved to CSV.
2024-03-25 14:30:07,032 - INFO - Calculation history saved to CSV.
2024-03-25 14:30:12,138 - INFO - Calculation deleted successfully.
2024-03-25 14:30:21,504 - INFO - Calculation deleted successfully.
2024-03-25 14:30:24,855 - WARNING - 'save' command not supported in this context.
2024-03-25 14:30:29,656 - INFO - Calculation history cleared.
2024-03-25 14:30:34,373 - INFO - I will send something on discord
2024-03-25 14:30:36,653 - INFO - I will email you
2024-03-25 14:30:40,858 - INFO - Goodbye
2024-03-25 14:30:42,360 - INFO - Goodbye
2024-03-25 14:30:43,488 - INFO - Hello, World!
2024-03-25 14:31:12,828 - INFO - Exiting program.
2024-03-25 14:31:41,655 - INFO - Calculation history saved to CSV.
2024-03-25 14:31:45,428 - INFO - Calculation history saved to CSV.
2024-03-25 14:31:47,707 - INFO - Calculation history saved to CSV.
2024-03-25 14:31:49,686 - INFO - Calculation history saved to CSV.
2024-03-25 14:31:55,485 - INFO - Calculation history saved to CSV.
2024-03-25 14:32:00,205 - INFO - Calculation deleted successfully.
2024-03-25 14:32:03,449 - INFO - Calculation deleted successfully.
2024-03-25 14:32:06,297 - INFO - Calculation history saved to CSV.
2024-03-25 14:32:13,104 - WARNING - 'save' command not supported in this context.
2024-03-25 14:32:20,408 - INFO - Calculation history cleared.
2024-03-25 14:32:30,191 - INFO - I will send something on discord
2024-03-25 14:32:33,212 - INFO - I will email you
2024-03-25 14:32:35,279 - INFO - Goodbye
2024-03-25 14:32:37,854 - INFO - Hello, World!
2024-03-25 14:32:39,649 - INFO - Exiting program.
2024-03-25 14:35:17,488 - INFO - Exiting program.
2024-03-25 14:35:47,511 - INFO - Calculation history saved to CSV.
2024-03-25 14:35:52,709 - INFO - Calculation history saved to CSV.
2024-03-25 14:35:54,761 - INFO - Calculation history saved to CSV.
2024-03-25 14:35:57,689 - INFO - Calculation history saved to CSV.
2024-03-25 14:36:00,038 - ERROR - Error displaying history: 'CommandHandler' object has no attribute 'load_history'
2024-03-25 14:36:40,943 - ERROR - Error displaying history: 'CommandHandler' object has no attribute 'load_history'
2024-03-25 14:36:41,943 - INFO - Exiting program.
2024-03-25 14:36:55,955 - INFO - Calculation history saved to CSV.
2024-03-25 14:37:01,516 - INFO - Calculation history saved to CSV.
2024-03-25 14:37:05,967 - INFO - Calculation deleted successfully.
2024-03-25 14:37:10,090 - WARNING - 'save' command not supported in this context.
2024-03-25 14:37:16,366 - INFO - Calculation history saved to CSV.
2024-03-25 14:37:29,200 - INFO - Calculation deleted successfully.
2024-03-25 14:38:30,141 - INFO - Calculation history cleared.
2024-03-25 14:39:07,224 - INFO - Exiting program.
2024-03-25 14:39:12,141 - INFO - Calculation history saved to CSV.
2024-03-25 14:39:15,850 - INFO - Calculation history saved to CSV.
2024-03-25 14:39:18,575 - INFO - Calculation history saved to CSV.
2024-03-25 14:39:21,253 - INFO - Calculation history saved to CSV.
2024-03-25 14:39:28,360 - INFO - Calculation deleted successfully.
2024-03-25 14:39:31,532 - INFO - Calculation history saved to CSV.
2024-03-25 14:40:44,272 - INFO - Exiting program.
2024-03-25 14:40:59,715 - INFO - Calculation history saved to CSV.
2024-03-25 14:41:05,073 - INFO - Calculation history saved to CSV.
2024-03-25 14:41:08,306 - INFO - Calculation history saved to CSV.
2024-03-25 14:41:10,490 - INFO - Calculation history saved to CSV.
2024-03-25 14:41:13,481 - INFO - Calculation deleted successfully.
2024-03-25 14:41:28,320 - INFO - Calculation deleted successfully.
2024-03-25 14:41:35,238 - INFO - Calculation history saved to CSV.
2024-03-25 21:47:34,729 - INFO - Calculation history saved to CSV.
2024-03-25 21:47:45,010 - INFO - Calculation history saved to CSV.
2024-03-25 21:47:49,713 - INFO - Calculation history saved to CSV.
2024-03-25 21:47:53,499 - INFO - Calculation history saved to CSV.
2024-03-25 21:48:05,212 - INFO - Calculation deleted successfully.
2024-03-25 21:48:19,675 - INFO - I will send something on discord
2024-03-25 21:48:22,682 - INFO - I will email you
2024-03-25 21:48:27,050 - INFO - Goodbye
2024-03-25 21:48:29,682 - INFO - Hello, World!
2024-03-25 21:48:37,445 - INFO - Calculation history cleared.
2024-03-25 21:48:45,749 - INFO - Calculation history saved to CSV.
2024-03-26 10:20:05,353 - INFO - Calculation history saved to CSV.
2024-03-26 10:20:08,718 - INFO - Calculation history saved to CSV.
2024-03-26 10:20:17,878 - INFO - Calculation history saved to CSV.
2024-03-26 10:20:35,313 - ERROR - Invalid input. Please enter a valid command.
2024-03-26 10:20:43,577 - INFO - Calculation history saved to CSV.
2024-03-26 10:24:35,119 - INFO - Calculation history saved to CSV.
2024-03-26 10:24:47,063 - INFO - Calculation history saved to CSV.
2024-03-26 10:24:51,358 - INFO - Calculation history saved to CSV.
2024-03-26 10:24:55,340 - INFO - Calculation history saved to CSV.
2024-03-26 10:24:59,546 - INFO - Calculation deleted successfully.
2024-03-26 10:25:07,188 - INFO - Calculation deleted successfully.
2024-03-26 10:25:11,841 - INFO - Calculation history saved to CSV.
2024-03-26 10:25:37,303 - INFO - I will send something on discord
2024-03-26 10:25:38,622 - INFO - I will email you
2024-03-26 10:25:40,793 - INFO - Goodbye
2024-03-26 10:25:41,774 - INFO - Hello, World!
2024-03-26 10:25:43,624 - INFO - Exiting program.
2024-03-26 10:27:13,418 - INFO - Calculation history saved to CSV.
2024-03-26 10:27:19,711 - INFO - Calculation history saved to CSV.
2024-03-26 10:27:21,679 - INFO - Calculation history saved to CSV.
2024-03-26 10:27:25,151 - INFO - Calculation history saved to CSV.
2024-03-26 10:27:27,782 - INFO - Calculation deleted successfully.
2024-03-26 10:27:33,816 - INFO - Calculation history saved to CSV.
2024-03-26 10:28:09,877 - INFO - Exiting program.
2024-03-26 10:28:26,275 - INFO - Calculation history saved to CSV.
2024-03-26 10:28:29,898 - INFO - Calculation history saved to CSV.
2024-03-26 10:28:32,259 - INFO - Calculation history saved to CSV.
2024-03-26 10:28:34,650 - INFO - Calculation history saved to CSV.
2024-03-26 10:28:35,970 - ERROR - Error displaying history: 'CommandHandler' object has no attribute 'load_history'
2024-03-26 10:28:45,165 - INFO - Calculation deleted successfully.
2024-03-26 10:28:45,165 - ERROR - Error displaying history: 'CommandHandler' object has no attribute 'load_history'
2024-03-26 10:28:49,215 - INFO - Calculation history saved to CSV.
2024-03-26 10:30:19,592 - INFO - Calculation history cleared.
2024-03-26 10:30:22,028 - ERROR - Invalid input. Please enter a valid command.
2024-03-26 10:30:23,242 - INFO - Exiting program.
2024-03-26 10:30:30,598 - INFO - Calculation history saved to CSV.
2024-03-26 10:30:39,432 - INFO - Calculation history saved to CSV.
2024-03-26 10:30:42,166 - INFO - Calculation history saved to CSV.
2024-03-26 10:32:46,346 - INFO - Calculation deleted successfully.
2024-03-26 10:32:53,917 - INFO - Calculation history saved to CSV.
2024-03-26 10:33:38,126 - INFO - Calculation history cleared.
2024-03-26 10:33:39,171 - INFO - Exiting program.
2024-03-26 10:33:46,842 - INFO - Calculation history saved to CSV.
2024-03-26 10:33:52,066 - INFO - Calculation history saved to CSV.
2024-03-26 10:33:54,343 - INFO - Calculation history saved to CSV.
2024-03-26 10:33:59,608 - INFO - Calculation deleted successfully.
2024-03-26 10:34:02,650 - INFO - Calculation history saved to CSV.
2024-03-26 10:35:11,992 - INFO - Calculation history cleared.
2024-03-26 10:35:14,051 - INFO - Exiting program.
2024-03-26 10:35:21,372 - INFO - Calculation history saved to CSV.
2024-03-26 10:35:25,133 - INFO - Calculation history saved to CSV.
2024-03-26 10:35:27,726 - INFO - Calculation history saved to CSV.
2024-03-26 10:35:30,596 - INFO - Calculation history saved to CSV.
2024-03-26 10:35:35,221 - INFO - Calculation marked as deleted.
2024-03-26 10:35:52,734 - INFO - Calculation history saved to CSV.
2024-03-26 10:37:04,560 - INFO - Calculation history cleared.
2024-03-26 10:37:05,961 - INFO - Exiting program.
2024-03-26 10:37:11,617 - INFO - Calculation history saved to CSV.
2024-03-26 10:37:16,437 - INFO - Calculation history saved to CSV.
2024-03-26 10:37:24,484 - INFO - Calculation history saved to CSV.
2024-03-26 10:37:26,595 - INFO - Calculation history saved to CSV.
2024-03-26 10:37:29,627 - INFO - Calculation marked as deleted.
2024-03-26 10:37:32,154 - INFO - Calculation history saved to CSV.
2024-03-26 10:39:08,892 - INFO - Calculation history cleared.
2024-03-26 10:39:36,625 - INFO - Exiting program.
2024-03-26 10:39:44,394 - INFO - Calculation history saved to CSV.
2024-03-26 10:39:50,581 - INFO - Calculation history saved to CSV.
2024-03-26 10:39:52,899 - INFO - Calculation history saved to CSV.
2024-03-26 10:39:59,174 - INFO - Calculation deleted successfully.
2024-03-26 10:40:05,256 - INFO - Calculation history saved to CSV.
2024-03-26 10:41:47,491 - INFO - Calculation history cleared.
2024-03-26 10:41:48,868 - INFO - Exiting program.
2024-03-26 10:41:53,399 - INFO - Calculation history saved to CSV.
2024-03-26 10:41:57,450 - INFO - Calculation history saved to CSV.
2024-03-26 10:41:59,764 - INFO - Calculation history saved to CSV.
2024-03-26 10:42:02,754 - INFO - Calculation history saved to CSV.
2024-03-26 10:42:11,933 - INFO - Calculation marked as deleted.
2024-03-26 10:42:15,144 - INFO - Calculation history saved to CSV.
2024-03-26 10:43:37,814 - INFO - Calculation history cleared.
2024-03-26 10:43:38,794 - INFO - Exiting program.
2024-03-26 10:43:43,650 - INFO - Calculation history saved to CSV.
2024-03-26 10:43:45,492 - INFO - Calculation history saved to CSV.
2024-03-26 10:43:48,160 - INFO - Calculation history saved to CSV.
2024-03-26 10:43:52,514 - INFO - Calculation history saved to CSV.
2024-03-26 10:44:06,004 - INFO - Calculation marked as deleted.
2024-03-26 10:44:08,682 - INFO - Calculation history saved to CSV.
2024-03-26 10:44:19,292 - INFO - Calculation history saved to CSV.
2024-03-26 10:44:29,739 - INFO - Calculation marked as deleted.
2024-03-26 10:44:31,852 - INFO - Calculation marked as deleted.
2024-03-26 10:44:33,855 - INFO - Calculation marked as deleted.
2024-03-26 10:44:36,206 - INFO - Calculation marked as deleted.
2024-03-26 10:44:38,204 - INFO - Calculation marked as deleted.
2024-03-26 10:45:28,914 - INFO - Calculation history cleared.
2024-03-26 10:45:29,847 - INFO - Exiting program.
2024-03-26 10:45:34,637 - INFO - Calculation history saved to CSV.
2024-03-26 10:45:37,901 - INFO - Calculation history saved to CSV.
2024-03-26 10:45:42,838 - INFO - Calculation history saved to CSV.
2024-03-26 10:45:48,075 - INFO - Calculation history saved to CSV.
2024-03-26 10:45:53,554 - INFO - Calculation marked as deleted.
2024-03-26 10:45:57,492 - INFO - Calculation history saved to CSV.
2024-03-26 10:48:49,096 - INFO - Calculation history cleared.
2024-03-26 10:48:50,004 - INFO - Exiting program.
2024-03-26 10:48:54,876 - INFO - Calculation history saved to CSV.
2024-03-26 10:48:57,075 - INFO - Calculation history saved to CSV.
2024-03-26 10:48:59,423 - INFO - Calculation history saved to CSV.
2024-03-26 10:49:01,676 - INFO - Calculation history saved to CSV.
2024-03-26 10:49:07,346 - INFO - Calculation marked as deleted.
2024-03-26 10:49:13,298 - INFO - Calculation history saved to CSV.
2024-03-26 10:49:17,716 - INFO - Calculation marked as deleted.
2024-03-26 10:49:23,500 - INFO - Calculation history saved to CSV.
2024-03-26 10:50:53,640 - INFO - Calculation history cleared.
2024-03-26 10:50:54,679 - INFO - Exiting program.
2024-03-26 10:51:00,244 - INFO - Calculation history saved to CSV.
2024-03-26 10:51:02,644 - INFO - Calculation history saved to CSV.
2024-03-26 10:51:06,461 - INFO - Calculation history saved to CSV.
2024-03-26 10:51:08,655 - INFO - Calculation history saved to CSV.
2024-03-26 10:51:13,508 - INFO - Calculation marked as deleted.
2024-03-26 10:51:33,140 - INFO - Calculation history saved to CSV.
2024-03-26 10:53:01,645 - INFO - Calculation history cleared.
2024-03-26 10:53:02,425 - INFO - Exiting program.
2024-03-26 10:53:05,969 - INFO - Calculation history saved to CSV.
2024-03-26 10:53:08,366 - INFO - Calculation history saved to CSV.
2024-03-26 10:53:12,844 - INFO - Calculation marked as deleted.
2024-03-26 10:53:19,093 - INFO - Calculation history saved to CSV.
2024-03-26 10:55:24,396 - INFO - Calculation history cleared.
2024-03-26 10:55:25,933 - INFO - Exiting program.
2024-03-26 10:57:42,783 - INFO - Calculation history saved to CSV.
2024-03-26 10:57:47,059 - INFO - Calculation history saved to CSV.
2024-03-26 10:57:52,892 - INFO - Calculation marked as deleted.
2024-03-26 10:57:55,251 - INFO - Calculation history saved to CSV.
2024-03-26 10:59:26,939 - INFO - Calculation history cleared.
2024-03-26 10:59:27,646 - INFO - Exiting program.
2024-03-26 10:59:33,373 - INFO - Calculation history saved to CSV.
2024-03-26 10:59:38,499 - INFO - Calculation history saved to CSV.
2024-03-26 10:59:41,070 - INFO - Calculation history saved to CSV.
2024-03-26 10:59:44,159 - INFO - Calculation marked as deleted.
2024-03-26 10:59:51,063 - INFO - Calculation history saved to CSV.
2024-03-26 11:01:24,383 - INFO - Calculation history cleared.
2024-03-26 11:01:25,108 - INFO - Exiting program.
2024-03-26 11:02:44,072 - INFO - Calculation history saved to CSV.
2024-03-26 11:02:47,998 - ERROR - Error deleting calculation: '<=' not supported between instances of 'int' and 'str'
2024-03-26 11:02:47,999 - INFO - Calculation history saved to CSV.
2024-03-26 11:02:50,369 - ERROR - Error deleting calculation: '<=' not supported between instances of 'int' and 'str'
2024-03-26 11:02:50,370 - INFO - Calculation history saved to CSV.
2024-03-26 11:02:56,069 - INFO - Calculation marked as deleted.
2024-03-26 11:02:58,753 - ERROR - Error deleting calculation: '<=' not supported between instances of 'int' and 'str'
2024-03-26 11:02:58,753 - INFO - Calculation history saved to CSV.
2024-03-26 11:04:24,207 - INFO - Calculation history cleared.
2024-03-26 11:04:25,244 - INFO - Exiting program.
2024-03-26 11:04:30,950 - INFO - Calculation history saved to CSV.
2024-03-26 11:04:40,427 - ERROR - Error deleting calculation: '<=' not supported between instances of 'int' and 'str'
2024-03-26 11:04:55,535 - INFO - Calculation history cleared.
2024-03-26 11:04:59,831 - INFO - Calculation history saved to CSV.
2024-03-26 11:05:07,069 - INFO - Calculation history cleared.
2024-03-26 11:05:13,988 - INFO - Calculation history saved to CSV.
2024-03-26 11:06:00,136 - INFO - Calculation history cleared.
2024-03-26 11:06:02,003 - INFO - Exiting program.
2024-03-26 11:13:19,446 - ERROR - An error occurred: save_history_to_csv() missing 1 required positional argument: 'file_path'
2024-03-26 11:13:29,589 - INFO - Exiting program.
2024-03-26 11:42:50,947 - ERROR - An error occurred: save_history_to_csv() missing 1 required positional argument: 'file_path'
2024-03-26 11:42:57,095 - INFO - Exiting program.
2024-03-26 11:43:02,773 - ERROR - An error occurred: save_history_to_csv() missing 1 required positional argument: 'file_path'
2024-03-26 11:43:17,735 - INFO - Exiting program.
2024-03-26 11:43:23,317 - INFO - Calculation history saved to CSV.
2024-03-26 11:43:29,502 - INFO - Calculation history saved to CSV.
2024-03-26 11:43:32,689 - INFO - Calculation history saved to CSV.
2024-03-26 11:43:34,572 - INFO - Calculation history cleared.
2024-03-26 11:43:41,972 - INFO - Calculation history saved to CSV.
2024-03-26 11:43:44,601 - INFO - Calculation history saved to CSV.
2024-03-26 11:43:47,380 - INFO - Calculation history saved to CSV.
2024-03-26 11:43:51,101 - INFO - Calculation history saved to CSV.
2024-03-26 11:44:02,826 - INFO - Calculation marked as deleted.
2024-03-26 11:44:06,061 - INFO - Calculation history saved to CSV.
2024-03-26 11:46:13,440 - INFO - Calculation history cleared.
2024-03-26 11:46:15,147 - INFO - Exiting program.
2024-03-26 11:49:20,202 - INFO - Calculation history saved to CSV.
2024-03-26 11:49:22,882 - INFO - Calculation history saved to CSV.
2024-03-26 11:49:28,447 - INFO - Calculation history saved to CSV.
2024-03-26 11:49:35,343 - INFO - Deleted calculation saved to CSV.
2024-03-26 11:49:35,345 - INFO - Calculation history saved to CSV.
2024-03-26 11:49:35,345 - INFO - Calculation marked as deleted.
2024-03-26 11:49:47,282 - INFO - Calculation history saved to CSV.
2024-03-26 11:49:51,263 - INFO - Deleted calculation saved to CSV.
2024-03-26 11:49:51,265 - INFO - Calculation history saved to CSV.
2024-03-26 11:49:51,265 - INFO - Calculation marked as deleted.
2024-03-26 11:50:57,689 - INFO - Calculation history cleared.
2024-03-26 11:51:07,410 - INFO - Calculation history saved to CSV.
2024-03-26 11:51:09,951 - INFO - Calculation history saved to CSV.
2024-03-26 11:51:20,503 - INFO - Deleted calculation saved to CSV.
2024-03-26 11:51:20,503 - INFO - Calculation history saved to CSV.
2024-03-26 11:51:20,503 - INFO - Calculation marked as deleted.
2024-03-26 11:52:00,620 - INFO - Calculation history cleared.
2024-03-26 11:52:01,577 - INFO - Exiting program.
2024-03-26 11:52:08,337 - INFO - Calculation history saved to CSV.
2024-03-26 11:52:17,819 - INFO - Calculation history saved to CSV.
2024-03-26 11:52:24,277 - INFO - Deleted calculation saved to CSV.
2024-03-26 11:52:24,279 - INFO - Calculation history saved to CSV.
2024-03-26 11:52:24,280 - INFO - Calculation marked as deleted.
2024-03-26 11:53:30,510 - INFO - Exiting program.
2024-03-26 13:16:39,724 - ERROR - An unexpected error occurred: MenuCommand() takes no arguments
2024-03-26 13:16:43,903 - ERROR - An unexpected error occurred: MenuCommand() takes no arguments
2024-03-26 13:16:59,708 - ERROR - An unexpected error occurred: MenuCommand() takes no arguments
2024-03-26 13:17:49,894 - ERROR - An unexpected error occurred: MenuCommand() takes no arguments
2024-03-26 13:18:13,344 - ERROR - An unexpected error occurred: MenuCommand() takes no arguments
2024-03-26 13:18:23,009 - ERROR - An unexpected error occurred: MenuCommand() takes no arguments
2024-03-26 13:18:37,361 - ERROR - An unexpected error occurred: __init__() missing 1 required positional argument: 'command_handler'
2024-03-26 13:19:18,385 - ERROR - Invalid input. Please enter a valid command.
2024-03-26 13:19:21,644 - INFO - Calculation history saved to CSV.
2024-03-26 13:19:26,925 - INFO - Calculation history cleared.
2024-03-26 13:19:28,267 - INFO - Exiting program.
2024-03-26 13:24:58,437 - ERROR - An unexpected error occurred: __init__() missing 1 required positional argument: 'command_handler'
2024-03-26 13:26:16,723 - INFO - Exiting program.
2024-03-26 13:27:23,832 - ERROR - An error occurred: 'CommandHandler' object has no attribute 'add_to_history'
2024-03-26 13:27:32,060 - INFO - Exiting program.
2024-03-26 13:27:36,315 - INFO - Calculation history saved to CSV.
2024-03-26 13:28:58,230 - INFO - I will send something on discord
2024-03-26 13:29:21,770 - INFO - I will email you
2024-03-26 13:29:31,468 - INFO - Goodbye
2024-03-26 13:29:44,523 - INFO - Exiting program.
2024-03-26 13:55:02,413 - INFO - Calculation history saved to CSV.
2024-03-26 13:55:05,440 - INFO - I will send something on discord
2024-03-26 13:55:08,737 - INFO - Deleted calculation saved to CSV.
2024-03-26 13:55:08,738 - INFO - Calculation history saved to CSV.
2024-03-26 13:55:08,738 - INFO - Calculation marked as deleted.
2024-03-26 13:55:11,278 - INFO - Calculation history cleared.
2024-03-26 13:55:12,756 - INFO - Exiting program.
2024-03-26 14:03:09,329 - INFO - Calculation history saved to CSV.
2024-03-26 14:03:11,535 - INFO - Calculation history saved to CSV.
2024-03-26 14:03:16,406 - INFO - Calculation history saved to CSV.
2024-03-26 14:03:20,199 - INFO - Calculation history saved to CSV.
2024-03-26 14:03:31,923 - INFO - Deleted calculation saved to CSV.
2024-03-26 14:03:31,924 - INFO - Calculation history saved to CSV.
2024-03-26 14:03:31,924 - INFO - Calculation marked as deleted.
2024-03-26 14:03:38,856 - WARNING - 'save' command not supported in this context.
2024-03-26 14:03:43,810 - INFO - Calculation history cleared.
2024-03-26 14:04:40,605 - INFO - Exiting program.
2024-03-26 14:04:45,017 - INFO - Calculation history saved to CSV.
2024-03-26 14:04:52,092 - INFO - Calculation history saved to CSV.
2024-03-26 14:04:55,622 - INFO - Calculation history saved to CSV.
2024-03-26 14:05:00,120 - INFO - Deleted calculation saved to CSV.
2024-03-26 14:05:00,122 - INFO - Calculation history saved to CSV.
2024-03-26 14:05:00,122 - INFO - Calculation marked as deleted.
2024-03-26 14:05:12,339 - WARNING - 'save' command not supported in this context.
2024-03-26 14:05:30,868 - INFO - Exiting program.
2024-03-26 14:05:35,089 - INFO - Calculation history cleared.
2024-03-26 14:06:13,024 - INFO - Exiting program.
2024-03-26 14:06:21,029 - INFO - Calculation history saved to CSV.
2024-03-26 14:06:25,860 - INFO - Calculation history saved to CSV.
2024-03-26 14:06:28,454 - INFO - Calculation history saved to CSV.
2024-03-26 14:06:31,870 - INFO - Calculation history saved to CSV.
2024-03-26 14:06:37,635 - INFO - Deleted calculation saved to CSV.
2024-03-26 14:06:37,637 - INFO - Calculation history saved to CSV.
2024-03-26 14:06:37,637 - INFO - Calculation marked as deleted.
2024-03-26 14:06:41,536 - INFO - Calculation history cleared.
2024-03-26 14:06:41,536 - INFO - Deleted calculation history cleared.
2024-03-26 14:06:50,934 - INFO - I will send something on discord
2024-03-26 14:06:52,711 - INFO - I will email you
2024-03-26 14:06:55,730 - INFO - Goodbye
2024-03-26 14:06:57,070 - INFO - Hello, World!
2024-03-26 14:07:00,428 - INFO - Exiting program.
2024-03-26 15:19:23,925 - INFO - Calculation history saved to CSV.
2024-03-26 15:19:28,601 - INFO - Calculation history saved to CSV.
2024-03-26 15:19:32,721 - INFO - Deleted calculation saved to CSV.
2024-03-26 15:19:32,723 - INFO - Calculation history saved to CSV.
2024-03-26 15:19:32,723 - INFO - Calculation marked as deleted.
2024-03-26 15:20:12,044 - INFO - Calculation history cleared.
2024-03-26 15:20:12,045 - INFO - Deleted calculation history cleared.
2024-03-26 15:20:16,910 - INFO - Exiting program.
2024-03-26 15:23:06,945 - INFO - I will send something on discord
2024-03-26 15:25:12,653 - INFO - Exiting program.
